time="2025-03-30T20:39:57+03:00" level=info msg="Traefik version 2.11.21 built on 2025-02-24T14:37:39Z"
time="2025-03-30T20:39:57+03:00" level=debug msg="Static configuration loaded {\"global\":{\"checkNewVersion\":true},\"serversTransport\":{\"maxIdleConnsPerHost\":200},\"entryPoints\":{\"web\":{\"address\":\":8080\",\"transport\":{\"lifeCycle\":{\"graceTimeOut\":\"10s\"},\"respondingTimeouts\":{\"readTimeout\":\"1m0s\",\"idleTimeout\":\"3m0s\"}},\"forwardedHeaders\":{},\"http\":{\"redirections\":{\"entryPoint\":{\"to\":\"websecure\",\"scheme\":\"https\",\"priority\":9223372036854775806}}},\"http2\":{\"maxConcurrentStreams\":250},\"udp\":{\"timeout\":\"3s\"}},\"websecure\":{\"address\":\":8443\",\"transport\":{\"lifeCycle\":{\"graceTimeOut\":\"10s\"},\"respondingTimeouts\":{\"readTimeout\":\"1m0s\",\"idleTimeout\":\"3m0s\"}},\"forwardedHeaders\":{},\"http\":{},\"http2\":{\"maxConcurrentStreams\":250},\"udp\":{\"timeout\":\"3s\"}}},\"providers\":{\"providersThrottleDuration\":\"2s\",\"docker\":{\"watch\":true,\"endpoint\":\"unix:///var/run/docker.sock\",\"defaultRule\":\"Host(`{{ normalize .Name }}`)\",\"swarmModeRefreshSeconds\":\"15s\"},\"file\":{\"directory\":\"/etc/traefik/config\",\"watch\":true}},\"api\":{\"dashboard\":true},\"log\":{\"level\":\"DEBUG\",\"filePath\":\"/var/log/traefik/traefik.log\",\"format\":\"common\"},\"accessLog\":{\"filePath\":\"/var/log/traefik/access.log\",\"format\":\"common\",\"filters\":{},\"fields\":{\"defaultMode\":\"keep\",\"headers\":{\"defaultMode\":\"drop\"}}},\"certificatesResolvers\":{\"myresolver\":{\"acme\":{\"email\":\"stendton@gmail.com\",\"caServer\":\"https://acme-v02.api.letsencrypt.org/directory\",\"storage\":\"acme.json\",\"keyType\":\"RSA4096\",\"certificatesDuration\":2160,\"tlsChallenge\":{}}}}}"
time="2025-03-30T20:39:57+03:00" level=info msg="\nStats collection is disabled.\nHelp us improve Traefik by turning this feature on :)\nMore details on: https://doc.traefik.io/traefik/contributing/data-collection/\n"
time="2025-03-30T20:39:57+03:00" level=info msg="Starting provider aggregator *aggregator.ProviderAggregator"
time="2025-03-30T20:39:57+03:00" level=debug msg="Starting TCP Server" entryPointName=web
time="2025-03-30T20:39:57+03:00" level=debug msg="Starting TCP Server" entryPointName=websecure
time="2025-03-30T20:39:57+03:00" level=info msg="Starting provider *file.Provider"
time="2025-03-30T20:39:57+03:00" level=debug msg="*file.Provider provider configuration: {\"directory\":\"/etc/traefik/config\",\"watch\":true}"
time="2025-03-30T20:39:57+03:00" level=error msg="Cannot start the provider *file.Provider: unable to read directory /etc/traefik/config: open /etc/traefik/config: no such file or directory"
time="2025-03-30T20:39:57+03:00" level=info msg="Starting provider *traefik.Provider"
time="2025-03-30T20:39:57+03:00" level=debug msg="*traefik.Provider provider configuration: {}"
time="2025-03-30T20:39:57+03:00" level=info msg="Starting provider *acme.ChallengeTLSALPN"
time="2025-03-30T20:39:57+03:00" level=info msg="Starting provider *docker.Provider"
time="2025-03-30T20:39:57+03:00" level=debug msg="*docker.Provider provider configuration: {\"watch\":true,\"endpoint\":\"unix:///var/run/docker.sock\",\"defaultRule\":\"Host(`{{ normalize .Name }}`)\",\"swarmModeRefreshSeconds\":\"15s\"}"
time="2025-03-30T20:39:57+03:00" level=debug msg="*acme.ChallengeTLSALPN provider configuration: {}"
time="2025-03-30T20:39:57+03:00" level=info msg="Starting provider *acme.Provider"
time="2025-03-30T20:39:57+03:00" level=debug msg="*acme.Provider provider configuration: {\"email\":\"stendton@gmail.com\",\"caServer\":\"https://acme-v02.api.letsencrypt.org/directory\",\"storage\":\"acme.json\",\"keyType\":\"RSA4096\",\"certificatesDuration\":2160,\"tlsChallenge\":{},\"ResolverName\":\"myresolver\",\"store\":{},\"TLSChallengeProvider\":{},\"HTTPChallengeProvider\":{}}"
time="2025-03-30T20:39:57+03:00" level=debug msg="Attempt to renew certificates \"720h0m0s\" before expiry and check every \"24h0m0s\"" providerName=myresolver.acme ACME CA="https://acme-v02.api.letsencrypt.org/directory"
time="2025-03-30T20:39:57+03:00" level=info msg="Testing certificate renew..." ACME CA="https://acme-v02.api.letsencrypt.org/directory" providerName=myresolver.acme
time="2025-03-30T20:39:57+03:00" level=debug msg="Configuration received: {\"http\":{\"routers\":{\"web-to-websecure\":{\"entryPoints\":[\"web\"],\"middlewares\":[\"redirect-web-to-websecure\"],\"service\":\"noop@internal\",\"rule\":\"HostRegexp(`{host:.+}`)\",\"priority\":9223372036854775806}},\"services\":{\"api\":{},\"dashboard\":{},\"noop\":{}},\"middlewares\":{\"redirect-web-to-websecure\":{\"redirectScheme\":{\"scheme\":\"https\",\"port\":\"8443\"}}},\"serversTransports\":{\"default\":{\"maxIdleConnsPerHost\":200}}},\"tcp\":{},\"udp\":{},\"tls\":{}}" providerName=internal
time="2025-03-30T20:39:57+03:00" level=debug msg="Configuration received: {\"http\":{},\"tcp\":{},\"udp\":{},\"tls\":{}}" providerName=myresolver.acme
time="2025-03-30T20:39:57+03:00" level=debug msg="Provider connection established with docker 26.0.0 (API 1.45)" providerName=docker
time="2025-03-30T20:39:57+03:00" level=debug msg="Configuration received: {\"http\":{\"routers\":{\"traefik-http-router\":{\"entryPoints\":[\"websecure\"],\"middlewares\":[\"traefik-mw-auth\",\"traefik-mw-strip\"],\"service\":\"api@internal\",\"rule\":\"Host(`reverse-proxy-traefik`)\",\"tls\":{}},\"whoami\":{\"entryPoints\":[\"websecure\"],\"service\":\"whoami-traefik\",\"rule\":\"Host(`stendton.com`)\",\"tls\":{\"certResolver\":\"letsencrypt\"}}},\"services\":{\"reverse-proxy-traefik\":{\"loadBalancer\":{\"servers\":[{\"url\":\"http://192.168.64.2:80\"}],\"passHostHeader\":true}},\"whoami-traefik\":{\"loadBalancer\":{\"servers\":[{\"url\":\"http://172.23.0.2:80\"}],\"passHostHeader\":true}}},\"middlewares\":{\"traefik-mw-auth\":{\"basicAuth\":{\"usersFile\":\"/etc/traefik/secret\"}},\"traefik-mw-strip\":{\"stripPrefix\":{\"prefixes\":[\"/traefik\"],\"forceSlash\":true}}}},\"tcp\":{},\"udp\":{},\"tls\":{}}" providerName=docker
time="2025-03-30T20:39:57+03:00" level=debug msg="No default certificate, fallback to the internal generated certificate" tlsStoreName=default
time="2025-03-30T20:39:57+03:00" level=debug msg="Added outgoing tracing middleware noop@internal" middlewareName=tracing middlewareType=TracingForwarder routerName=web-to-websecure@internal entryPointName=web
time="2025-03-30T20:39:57+03:00" level=debug msg="Creating middleware" entryPointName=web routerName=web-to-websecure@internal middlewareName=redirect-web-to-websecure@internal middlewareType=RedirectScheme
time="2025-03-30T20:39:57+03:00" level=debug msg="Setting up redirection to https 8443" entryPointName=web routerName=web-to-websecure@internal middlewareName=redirect-web-to-websecure@internal middlewareType=RedirectScheme
time="2025-03-30T20:39:57+03:00" level=debug msg="Creating middleware" entryPointName=web middlewareName=traefik-internal-recovery middlewareType=Recovery
time="2025-03-30T20:39:57+03:00" level=debug msg="No default certificate, fallback to the internal generated certificate" tlsStoreName=default
time="2025-03-30T20:39:57+03:00" level=debug msg="Added outgoing tracing middleware noop@internal" middlewareType=TracingForwarder entryPointName=web routerName=web-to-websecure@internal middlewareName=tracing
time="2025-03-30T20:39:57+03:00" level=debug msg="Creating middleware" middlewareType=RedirectScheme entryPointName=web routerName=web-to-websecure@internal middlewareName=redirect-web-to-websecure@internal
time="2025-03-30T20:39:57+03:00" level=debug msg="Setting up redirection to https 8443" routerName=web-to-websecure@internal middlewareName=redirect-web-to-websecure@internal middlewareType=RedirectScheme entryPointName=web
time="2025-03-30T20:39:57+03:00" level=debug msg="Creating middleware" middlewareType=Recovery entryPointName=web middlewareName=traefik-internal-recovery
time="2025-03-30T20:39:57+03:00" level=debug msg="Creating middleware" middlewareType=Pipelining entryPointName=websecure routerName=whoami@docker serviceName=whoami-traefik middlewareName=pipelining
time="2025-03-30T20:39:57+03:00" level=debug msg="Creating load-balancer" routerName=whoami@docker serviceName=whoami-traefik entryPointName=websecure
time="2025-03-30T20:39:57+03:00" level=debug msg="Creating server 0 http://172.23.0.2:80" entryPointName=websecure routerName=whoami@docker serviceName=whoami-traefik serverName=0
time="2025-03-30T20:39:57+03:00" level=debug msg="child http://172.23.0.2:80 now UP"
time="2025-03-30T20:39:57+03:00" level=debug msg="Propagating new UP status"
time="2025-03-30T20:39:57+03:00" level=debug msg="Added outgoing tracing middleware whoami-traefik" routerName=whoami@docker middlewareName=tracing middlewareType=TracingForwarder entryPointName=websecure
time="2025-03-30T20:39:57+03:00" level=debug msg="Added outgoing tracing middleware api@internal" entryPointName=websecure routerName=traefik-http-router@docker middlewareName=tracing middlewareType=TracingForwarder
time="2025-03-30T20:39:57+03:00" level=debug msg="Creating middleware" entryPointName=websecure routerName=traefik-http-router@docker middlewareName=traefik-mw-strip@docker middlewareType=StripPrefix
time="2025-03-30T20:39:57+03:00" level=debug msg="Adding tracing to middleware" entryPointName=websecure routerName=traefik-http-router@docker middlewareName=traefik-mw-strip@docker
time="2025-03-30T20:39:57+03:00" level=debug msg="Creating middleware" routerName=traefik-http-router@docker entryPointName=websecure middlewareName=traefik-mw-auth@docker middlewareType=BasicAuth
time="2025-03-30T20:39:57+03:00" level=error msg="open /etc/traefik/secret: no such file or directory" entryPointName=websecure routerName=traefik-http-router@docker
time="2025-03-30T20:39:57+03:00" level=debug msg="Creating middleware" middlewareType=Recovery middlewareName=traefik-internal-recovery entryPointName=websecure
time="2025-03-30T20:39:57+03:00" level=debug msg="Adding route for reverse-proxy-traefik with TLS options default" entryPointName=websecure
time="2025-03-30T20:39:57+03:00" level=debug msg="Adding route for stendton.com with TLS options default" entryPointName=websecure
time="2025-03-30T20:39:57+03:00" level=error msg="Router whoami@docker uses a nonexistent resolver: letsencrypt"
time="2025-03-30T20:39:57+03:00" level=debug msg="Serving default certificate for request: \"\""
time="2025-03-30T20:39:57+03:00" level=debug msg="http: TLS handshake error from 192.168.64.1:57812: remote error: tls: unknown certificate"
time="2025-03-30T20:39:59+03:00" level=debug msg="Serving default certificate for request: \"\""
time="2025-03-30T20:39:59+03:00" level=debug msg="http: TLS handshake error from 192.168.64.1:57828: remote error: tls: unknown certificate"
time="2025-03-30T20:40:00+03:00" level=debug msg="Serving default certificate for request: \"\""
time="2025-03-30T20:40:00+03:00" level=debug msg="http: TLS handshake error from 192.168.64.1:57834: remote error: tls: unknown certificate"
time="2025-03-30T20:40:40+03:00" level=info msg="I have to go..."
time="2025-03-30T20:40:40+03:00" level=info msg="Stopping server gracefully"
time="2025-03-30T20:40:40+03:00" level=debug msg="Waiting 10s seconds before killing connections." entryPointName=websecure
time="2025-03-30T20:40:40+03:00" level=debug msg="Waiting 10s seconds before killing connections." entryPointName=web
time="2025-03-30T20:40:40+03:00" level=error msg="accept tcp [::]:8443: use of closed network connection" entryPointName=websecure
time="2025-03-30T20:40:40+03:00" level=error msg="Error while starting server: accept tcp [::]:8443: use of closed network connection" entryPointName=websecure
time="2025-03-30T20:40:40+03:00" level=error msg="accept tcp [::]:8080: use of closed network connection" entryPointName=web
time="2025-03-30T20:40:40+03:00" level=error msg="close tcp [::]:8080: use of closed network connection" entryPointName=web
time="2025-03-30T20:40:50+03:00" level=debug msg="Server failed to shutdown before deadline because: context deadline exceeded" entryPointName=web
time="2025-03-30T20:40:50+03:00" level=debug msg="Server failed to shutdown before deadline because: context deadline exceeded" entryPointName=websecure
time="2025-03-30T20:40:50+03:00" level=debug msg="Error while peeking first byte: read tcp 192.168.64.2:8443->192.168.64.1:42878: use of closed network connection"
time="2025-03-30T20:40:50+03:00" level=debug msg="Error while peeking first byte: read tcp 192.168.64.2:8080->192.168.64.1:52382: use of closed network connection"
time="2025-03-30T20:40:50+03:00" level=debug msg="Entry point web closed" entryPointName=web
time="2025-03-30T20:40:50+03:00" level=debug msg="Entry point websecure closed" entryPointName=websecure
time="2025-03-30T20:40:50+03:00" level=info msg="Server stopped"
time="2025-03-30T20:40:50+03:00" level=info msg="Shutting down"
time="2025-03-30T20:42:03+03:00" level=info msg="Traefik version 2.11.21 built on 2025-02-24T14:37:39Z"
time="2025-03-30T20:42:03+03:00" level=debug msg="Static configuration loaded {\"global\":{\"checkNewVersion\":true},\"serversTransport\":{\"maxIdleConnsPerHost\":200},\"entryPoints\":{\"web\":{\"address\":\":8080\",\"transport\":{\"lifeCycle\":{\"graceTimeOut\":\"10s\"},\"respondingTimeouts\":{\"readTimeout\":\"1m0s\",\"idleTimeout\":\"3m0s\"}},\"forwardedHeaders\":{},\"http\":{\"redirections\":{\"entryPoint\":{\"to\":\"websecure\",\"scheme\":\"https\",\"priority\":9223372036854775806}}},\"http2\":{\"maxConcurrentStreams\":250},\"udp\":{\"timeout\":\"3s\"}},\"websecure\":{\"address\":\":8443\",\"transport\":{\"lifeCycle\":{\"graceTimeOut\":\"10s\"},\"respondingTimeouts\":{\"readTimeout\":\"1m0s\",\"idleTimeout\":\"3m0s\"}},\"forwardedHeaders\":{},\"http\":{},\"http2\":{\"maxConcurrentStreams\":250},\"udp\":{\"timeout\":\"3s\"}}},\"providers\":{\"providersThrottleDuration\":\"2s\",\"docker\":{\"watch\":true,\"endpoint\":\"unix:///var/run/docker.sock\",\"defaultRule\":\"Host(`{{ normalize .Name }}`)\",\"swarmModeRefreshSeconds\":\"15s\"},\"file\":{\"directory\":\"/etc/traefik/config\",\"watch\":true}},\"api\":{\"dashboard\":true},\"log\":{\"level\":\"DEBUG\",\"filePath\":\"/var/log/traefik/traefik.log\",\"format\":\"common\"},\"accessLog\":{\"filePath\":\"/var/log/traefik/access.log\",\"format\":\"common\",\"filters\":{},\"fields\":{\"defaultMode\":\"keep\",\"headers\":{\"defaultMode\":\"drop\"}}},\"certificatesResolvers\":{\"myresolver\":{\"acme\":{\"email\":\"stendton@gmail.com\",\"caServer\":\"https://acme-v02.api.letsencrypt.org/directory\",\"storage\":\"acme.json\",\"keyType\":\"RSA4096\",\"certificatesDuration\":2160,\"tlsChallenge\":{}}}}}"
time="2025-03-30T20:42:03+03:00" level=info msg="\nStats collection is disabled.\nHelp us improve Traefik by turning this feature on :)\nMore details on: https://doc.traefik.io/traefik/contributing/data-collection/\n"
time="2025-03-30T20:42:03+03:00" level=info msg="Starting provider aggregator *aggregator.ProviderAggregator"
time="2025-03-30T20:42:03+03:00" level=debug msg="Starting TCP Server" entryPointName=websecure
time="2025-03-30T20:42:03+03:00" level=debug msg="Starting TCP Server" entryPointName=web
time="2025-03-30T20:42:03+03:00" level=info msg="Starting provider *file.Provider"
time="2025-03-30T20:42:03+03:00" level=debug msg="*file.Provider provider configuration: {\"directory\":\"/etc/traefik/config\",\"watch\":true}"
time="2025-03-30T20:42:03+03:00" level=error msg="Cannot start the provider *file.Provider: unable to read directory /etc/traefik/config: open /etc/traefik/config: no such file or directory"
time="2025-03-30T20:42:03+03:00" level=info msg="Starting provider *traefik.Provider"
time="2025-03-30T20:42:03+03:00" level=debug msg="*traefik.Provider provider configuration: {}"
time="2025-03-30T20:42:03+03:00" level=info msg="Starting provider *acme.ChallengeTLSALPN"
time="2025-03-30T20:42:03+03:00" level=debug msg="*acme.ChallengeTLSALPN provider configuration: {}"
time="2025-03-30T20:42:03+03:00" level=info msg="Starting provider *docker.Provider"
time="2025-03-30T20:42:03+03:00" level=debug msg="*docker.Provider provider configuration: {\"watch\":true,\"endpoint\":\"unix:///var/run/docker.sock\",\"defaultRule\":\"Host(`{{ normalize .Name }}`)\",\"swarmModeRefreshSeconds\":\"15s\"}"
time="2025-03-30T20:42:03+03:00" level=info msg="Starting provider *acme.Provider"
time="2025-03-30T20:42:03+03:00" level=debug msg="*acme.Provider provider configuration: {\"email\":\"stendton@gmail.com\",\"caServer\":\"https://acme-v02.api.letsencrypt.org/directory\",\"storage\":\"acme.json\",\"keyType\":\"RSA4096\",\"certificatesDuration\":2160,\"tlsChallenge\":{},\"ResolverName\":\"myresolver\",\"store\":{},\"TLSChallengeProvider\":{},\"HTTPChallengeProvider\":{}}"
time="2025-03-30T20:42:03+03:00" level=debug msg="Attempt to renew certificates \"720h0m0s\" before expiry and check every \"24h0m0s\"" ACME CA="https://acme-v02.api.letsencrypt.org/directory" providerName=myresolver.acme
time="2025-03-30T20:42:03+03:00" level=info msg="Testing certificate renew..." ACME CA="https://acme-v02.api.letsencrypt.org/directory" providerName=myresolver.acme
time="2025-03-30T20:42:03+03:00" level=debug msg="Configuration received: {\"http\":{\"routers\":{\"web-to-websecure\":{\"entryPoints\":[\"web\"],\"middlewares\":[\"redirect-web-to-websecure\"],\"service\":\"noop@internal\",\"rule\":\"HostRegexp(`{host:.+}`)\",\"priority\":9223372036854775806}},\"services\":{\"api\":{},\"dashboard\":{},\"noop\":{}},\"middlewares\":{\"redirect-web-to-websecure\":{\"redirectScheme\":{\"scheme\":\"https\",\"port\":\"8443\"}}},\"serversTransports\":{\"default\":{\"maxIdleConnsPerHost\":200}}},\"tcp\":{},\"udp\":{},\"tls\":{}}" providerName=internal
time="2025-03-30T20:42:03+03:00" level=debug msg="Configuration received: {\"http\":{},\"tcp\":{},\"udp\":{},\"tls\":{}}" providerName=myresolver.acme
time="2025-03-30T20:42:03+03:00" level=debug msg="Provider connection established with docker 26.0.0 (API 1.45)" providerName=docker
time="2025-03-30T20:42:03+03:00" level=debug msg="Configuration received: {\"http\":{\"routers\":{\"traefik-http-router\":{\"entryPoints\":[\"websecure\"],\"middlewares\":[\"traefik-mw-auth\",\"traefik-mw-strip\"],\"service\":\"api@internal\",\"rule\":\"Host(`reverse-proxy-traefik`)\",\"tls\":{}},\"whoami\":{\"entryPoints\":[\"websecure\"],\"service\":\"whoami-traefik\",\"rule\":\"Host(`stendton.com`)\",\"tls\":{\"certResolver\":\"letsencrypt\"}}},\"services\":{\"reverse-proxy-traefik\":{\"loadBalancer\":{\"servers\":[{\"url\":\"http://192.168.96.2:80\"}],\"passHostHeader\":true}},\"whoami-traefik\":{\"loadBalancer\":{\"servers\":[{\"url\":\"http://172.23.0.2:80\"}],\"passHostHeader\":true}}},\"middlewares\":{\"traefik-mw-auth\":{\"basicAuth\":{\"usersFile\":\"/etc/traefik/secret\"}},\"traefik-mw-strip\":{\"stripPrefix\":{\"prefixes\":[\"/traefik\"],\"forceSlash\":true}}}},\"tcp\":{},\"udp\":{},\"tls\":{}}" providerName=docker
time="2025-03-30T20:42:03+03:00" level=debug msg="No default certificate, fallback to the internal generated certificate" tlsStoreName=default
time="2025-03-30T20:42:03+03:00" level=debug msg="Added outgoing tracing middleware noop@internal" entryPointName=web routerName=web-to-websecure@internal middlewareName=tracing middlewareType=TracingForwarder
time="2025-03-30T20:42:03+03:00" level=debug msg="Creating middleware" middlewareType=RedirectScheme entryPointName=web routerName=web-to-websecure@internal middlewareName=redirect-web-to-websecure@internal
time="2025-03-30T20:42:03+03:00" level=debug msg="Setting up redirection to https 8443" middlewareName=redirect-web-to-websecure@internal middlewareType=RedirectScheme entryPointName=web routerName=web-to-websecure@internal
time="2025-03-30T20:42:03+03:00" level=debug msg="Creating middleware" entryPointName=web middlewareName=traefik-internal-recovery middlewareType=Recovery
time="2025-03-30T20:42:03+03:00" level=debug msg="No default certificate, fallback to the internal generated certificate" tlsStoreName=default
time="2025-03-30T20:42:03+03:00" level=debug msg="Added outgoing tracing middleware noop@internal" routerName=web-to-websecure@internal middlewareType=TracingForwarder middlewareName=tracing entryPointName=web
time="2025-03-30T20:42:03+03:00" level=debug msg="Creating middleware" middlewareType=RedirectScheme entryPointName=web routerName=web-to-websecure@internal middlewareName=redirect-web-to-websecure@internal
time="2025-03-30T20:42:03+03:00" level=debug msg="Setting up redirection to https 8443" middlewareName=redirect-web-to-websecure@internal middlewareType=RedirectScheme entryPointName=web routerName=web-to-websecure@internal
time="2025-03-30T20:42:03+03:00" level=debug msg="Creating middleware" middlewareType=Recovery entryPointName=web middlewareName=traefik-internal-recovery
time="2025-03-30T20:42:03+03:00" level=debug msg="Creating middleware" middlewareType=Pipelining middlewareName=pipelining entryPointName=websecure routerName=whoami@docker serviceName=whoami-traefik
time="2025-03-30T20:42:03+03:00" level=debug msg="Creating load-balancer" serviceName=whoami-traefik entryPointName=websecure routerName=whoami@docker
time="2025-03-30T20:42:03+03:00" level=debug msg="Creating server 0 http://172.23.0.2:80" serviceName=whoami-traefik entryPointName=websecure serverName=0 routerName=whoami@docker
time="2025-03-30T20:42:03+03:00" level=debug msg="child http://172.23.0.2:80 now UP"
time="2025-03-30T20:42:03+03:00" level=debug msg="Propagating new UP status"
time="2025-03-30T20:42:03+03:00" level=debug msg="Added outgoing tracing middleware whoami-traefik" entryPointName=websecure routerName=whoami@docker middlewareName=tracing middlewareType=TracingForwarder
time="2025-03-30T20:42:03+03:00" level=debug msg="Added outgoing tracing middleware api@internal" middlewareName=tracing entryPointName=websecure routerName=traefik-http-router@docker middlewareType=TracingForwarder
time="2025-03-30T20:42:03+03:00" level=debug msg="Creating middleware" middlewareType=StripPrefix entryPointName=websecure routerName=traefik-http-router@docker middlewareName=traefik-mw-strip@docker
time="2025-03-30T20:42:03+03:00" level=debug msg="Adding tracing to middleware" entryPointName=websecure middlewareName=traefik-mw-strip@docker routerName=traefik-http-router@docker
time="2025-03-30T20:42:03+03:00" level=debug msg="Creating middleware" middlewareName=traefik-mw-auth@docker middlewareType=BasicAuth entryPointName=websecure routerName=traefik-http-router@docker
time="2025-03-30T20:42:03+03:00" level=error msg="open /etc/traefik/secret: no such file or directory" routerName=traefik-http-router@docker entryPointName=websecure
time="2025-03-30T20:42:03+03:00" level=debug msg="Creating middleware" middlewareName=traefik-internal-recovery middlewareType=Recovery entryPointName=websecure
time="2025-03-30T20:42:03+03:00" level=debug msg="Adding route for stendton.com with TLS options default" entryPointName=websecure
time="2025-03-30T20:42:03+03:00" level=debug msg="Adding route for reverse-proxy-traefik with TLS options default" entryPointName=websecure
time="2025-03-30T20:42:03+03:00" level=error msg="Router whoami@docker uses a nonexistent resolver: letsencrypt"
time="2025-03-30T20:42:09+03:00" level=debug msg="Serving default certificate for request: \"\""
time="2025-03-30T20:42:09+03:00" level=debug msg="http: TLS handshake error from 192.168.96.1:49518: remote error: tls: unknown certificate"
time="2025-03-30T20:42:18+03:00" level=debug msg="Serving default certificate for request: \"\""
time="2025-03-30T20:42:18+03:00" level=debug msg="http: TLS handshake error from 192.168.96.1:52218: remote error: tls: unknown certificate"
time="2025-03-30T20:50:44+03:00" level=info msg="I have to go..."
time="2025-03-30T20:50:44+03:00" level=info msg="Stopping server gracefully"
time="2025-03-30T20:50:44+03:00" level=debug msg="Waiting 10s seconds before killing connections." entryPointName=websecure
time="2025-03-30T20:50:44+03:00" level=error msg="accept tcp [::]:8443: use of closed network connection" entryPointName=websecure
time="2025-03-30T20:50:44+03:00" level=error msg="close tcp [::]:8443: use of closed network connection" entryPointName=websecure
time="2025-03-30T20:50:44+03:00" level=debug msg="Entry point websecure closed" entryPointName=websecure
time="2025-03-30T20:50:44+03:00" level=debug msg="Waiting 10s seconds before killing connections." entryPointName=web
time="2025-03-30T20:50:44+03:00" level=error msg="accept tcp [::]:8080: use of closed network connection" entryPointName=web
time="2025-03-30T20:50:44+03:00" level=error msg="Error while starting server: accept tcp [::]:8080: use of closed network connection" entryPointName=web
time="2025-03-30T20:50:44+03:00" level=debug msg="Entry point web closed" entryPointName=web
time="2025-03-30T20:50:44+03:00" level=info msg="Server stopped"
time="2025-03-30T20:50:44+03:00" level=info msg="Shutting down"
